2025-09-09 19:05:04,250 - root - INFO - 🚀 Запуск бота...
2025-09-09 19:05:04,250 - root - INFO - ✅ Валидация окружения прошла успешно
2025-09-09 19:05:04,252 - root - INFO - ✅ Валидация файловой системы завершена
2025-09-09 19:05:04,252 - root - INFO - ✅ Конфигурация загружена и проверена успешно
2025-09-09 19:05:04,523 - root - INFO - 🌐 Запуск веб-сервера на порту 8080...
2025-09-09 19:05:04,548 - web_server - INFO - TMA веб-сервер запущен на http://localhost:8080
2025-09-09 19:05:04,548 - root - INFO - 🤖 Запуск Telegram бота...
2025-09-09 19:05:04,550 - services - INFO - Загружено 45 персонажей
2025-09-09 19:05:04,552 - bot - INFO - Загружено 45 персонажей
2025-09-09 19:05:04,552 - bot - INFO - 🚀 Бот успешно запущен и готов к работе!
2025-09-09 19:05:04,552 - aiogram.dispatcher - INFO - Start polling
2025-09-09 19:05:05,075 - aiogram.dispatcher - INFO - Run polling for bot @ZZZcharacter_bot id=7584485952 - 'ZZZcharacter'
2025-09-09 19:05:05,077 - bot - ERROR - Ошибка настройки TMA: Telegram server says - Bad Request: menu button Web App URL 'http://localhost:8080/index.html' is invalid: Only HTTPS links are allowed
2025-09-09 19:05:20,206 - bot - INFO - Получен сигнал 2, начинаем graceful shutdown...
2025-09-09 19:05:20,208 - aiogram.dispatcher - INFO - Polling stopped for bot @ZZZcharacter_bot id=7584485952 - 'ZZZcharacter'
2025-09-09 19:05:20,208 - aiogram.dispatcher - INFO - Polling stopped
2025-09-09 19:05:20,462 - bot - INFO - 🛑 Начинаем graceful shutdown...
2025-09-09 19:05:20,462 - bot - INFO - 🚨 Останавливаем прием новых запросов...
2025-09-09 19:05:20,462 - bot - INFO - ⏳ Ожидаем завершения текущих операций...
2025-09-09 19:05:22,470 - bot - INFO - 💾 Сохраняем активные сессии...
2025-09-09 19:05:22,470 - bot - INFO - 💾 Сохраняем глобальные данные...
2025-09-09 19:05:22,473 - services - INFO - Создан финальный бэкап: global_stats.json.20250909_190522
2025-09-09 19:05:22,476 - services - INFO - Принудительное сохранение завершено
2025-09-09 19:05:22,476 - bot - INFO - ✅ Глобальные данные сохранены
2025-09-09 19:05:22,476 - bot - INFO - 🔄 Останавливаем задачу бэкапа...
2025-09-09 19:05:22,476 - bot - INFO - ✅ Задача бэкапа остановлена
2025-09-09 19:05:22,477 - bot - INFO - 🔌 Закрываем соединение с Telegram...
2025-09-09 19:05:22,477 - bot - INFO - ✅ Соединение с Telegram закрыто
2025-09-09 19:05:22,477 - bot - INFO - ✅ Graceful shutdown завершен успешно!
2025-09-09 19:05:22,477 - root - INFO - 🧹 Остановка веб-сервера...
2025-09-09 19:05:22,478 - root - INFO - ✅ Завершение работы
2025-09-09 19:05:59,733 - root - INFO - 🚀 Запуск бота...
2025-09-09 19:05:59,733 - root - INFO - ✅ Валидация окружения прошла успешно
2025-09-09 19:05:59,735 - root - INFO - ✅ Валидация файловой системы завершена
2025-09-09 19:05:59,735 - root - INFO - ✅ Конфигурация загружена и проверена успешно
2025-09-09 19:05:59,966 - root - INFO - 🌐 Запуск веб-сервера на порту 8080...
2025-09-09 19:05:59,984 - web_server - INFO - TMA веб-сервер запущен на http://localhost:8080
2025-09-09 19:05:59,985 - root - INFO - 🤖 Запуск Telegram бота...
2025-09-09 19:05:59,987 - services - INFO - Загружено 45 персонажей
2025-09-09 19:05:59,990 - bot - INFO - Загружено 45 персонажей
2025-09-09 19:05:59,992 - bot - INFO - 🚀 Бот успешно запущен и готов к работе!
2025-09-09 19:05:59,993 - aiogram.dispatcher - INFO - Start polling
2025-09-09 19:06:00,153 - aiohttp.access - INFO - ::1 [09/Sep/2025:19:06:00 +0300] "GET / HTTP/1.1" 403 175 "-" "Mozilla/5.0 (Windows NT 10.0; Win64; x64) AppleWebKit/537.36 (KHTML, like Gecko) Chrome/139.0.0.0 Safari/537.36"
2025-09-09 19:06:00,357 - aiogram.dispatcher - INFO - Run polling for bot @ZZZcharacter_bot id=7584485952 - 'ZZZcharacter'
2025-09-09 19:06:00,378 - bot - ERROR - Ошибка настройки TMA: Telegram server says - Bad Request: menu button Web App URL 'http://localhost:8080/index.html' is invalid: Only HTTPS links are allowed
2025-09-09 19:06:00,524 - aiohttp.access - INFO - ::1 [09/Sep/2025:19:06:00 +0300] "GET /favicon.ico HTTP/1.1" 404 299 "http://localhost:8080/" "Mozilla/5.0 (Windows NT 10.0; Win64; x64) AppleWebKit/537.36 (KHTML, like Gecko) Chrome/139.0.0.0 Safari/537.36"
2025-09-09 19:06:06,095 - aiohttp.access - INFO - ::1 [09/Sep/2025:19:06:06 +0300] "GET / HTTP/1.1" 403 175 "-" "Mozilla/5.0 (Windows NT 10.0; Win64; x64) AppleWebKit/537.36 (KHTML, like Gecko) Chrome/139.0.0.0 Safari/537.36"
2025-09-09 19:06:07,656 - aiohttp.access - INFO - ::1 [09/Sep/2025:19:06:07 +0300] "GET / HTTP/1.1" 403 175 "-" "Mozilla/5.0 (Windows NT 10.0; Win64; x64) AppleWebKit/537.36 (KHTML, like Gecko) Chrome/139.0.0.0 Safari/537.36"
2025-09-09 19:06:14,439 - bot - INFO - Получен сигнал 2, начинаем graceful shutdown...
2025-09-09 19:06:14,444 - aiogram.dispatcher - INFO - Polling stopped for bot @ZZZcharacter_bot id=7584485952 - 'ZZZcharacter'
2025-09-09 19:06:14,446 - aiogram.dispatcher - INFO - Polling stopped
2025-09-09 19:06:14,705 - bot - INFO - 🛑 Начинаем graceful shutdown...
2025-09-09 19:06:14,708 - bot - INFO - 🚨 Останавливаем прием новых запросов...
2025-09-09 19:06:14,709 - bot - INFO - ⏳ Ожидаем завершения текущих операций...
2025-09-09 19:06:16,722 - bot - INFO - 💾 Сохраняем активные сессии...
2025-09-09 19:06:16,722 - bot - INFO - 💾 Сохраняем глобальные данные...
2025-09-09 19:06:16,724 - services - INFO - Создан финальный бэкап: global_stats.json.20250909_190616
2025-09-09 19:06:16,727 - services - INFO - Принудительное сохранение завершено
2025-09-09 19:06:16,727 - bot - INFO - ✅ Глобальные данные сохранены
2025-09-09 19:06:16,727 - bot - INFO - 🔄 Останавливаем задачу бэкапа...
2025-09-09 19:06:16,727 - bot - INFO - ✅ Задача бэкапа остановлена
2025-09-09 19:06:16,728 - bot - INFO - 🔌 Закрываем соединение с Telegram...
2025-09-09 19:06:16,728 - bot - INFO - ✅ Соединение с Telegram закрыто
2025-09-09 19:06:16,728 - bot - INFO - ✅ Graceful shutdown завершен успешно!
2025-09-09 19:06:16,728 - root - INFO - 🧹 Остановка веб-сервера...
2025-09-09 19:06:16,729 - root - INFO - ✅ Завершение работы
2025-09-09 19:06:52,034 - root - INFO - 🚀 Запуск бота...
2025-09-09 19:06:52,034 - root - INFO - ✅ Валидация окружения прошла успешно
2025-09-09 19:06:52,035 - root - INFO - ✅ Валидация файловой системы завершена
2025-09-09 19:06:52,035 - root - INFO - ✅ Конфигурация загружена и проверена успешно
2025-09-09 19:06:52,293 - root - INFO - 🌐 Запуск веб-сервера на порту 8080...
2025-09-09 19:06:52,313 - web_server - INFO - TMA веб-сервер запущен на http://localhost:8080
2025-09-09 19:06:52,313 - root - INFO - 🤖 Запуск Telegram бота...
2025-09-09 19:06:52,315 - services - INFO - Загружено 45 персонажей
2025-09-09 19:06:52,317 - bot - INFO - Загружено 45 персонажей
2025-09-09 19:06:52,317 - bot - INFO - 🚀 Бот успешно запущен и готов к работе!
2025-09-09 19:06:52,318 - aiogram.dispatcher - INFO - Start polling
2025-09-09 19:06:52,665 - bot - ERROR - Ошибка настройки TMA: Telegram server says - Bad Request: menu button Web App URL 'http://localhost:8080/index.html' is invalid: Only HTTPS links are allowed
2025-09-09 19:06:52,668 - aiogram.dispatcher - INFO - Run polling for bot @ZZZcharacter_bot id=7584485952 - 'ZZZcharacter'
2025-09-09 19:07:00,030 - bot - INFO - Получен сигнал 2, начинаем graceful shutdown...
2025-09-09 19:07:00,031 - aiogram.dispatcher - INFO - Polling stopped for bot @ZZZcharacter_bot id=7584485952 - 'ZZZcharacter'
2025-09-09 19:07:00,031 - aiogram.dispatcher - INFO - Polling stopped
2025-09-09 19:07:00,284 - bot - INFO - 🛑 Начинаем graceful shutdown...
2025-09-09 19:07:00,284 - bot - INFO - 🚨 Останавливаем прием новых запросов...
2025-09-09 19:07:00,284 - bot - INFO - ⏳ Ожидаем завершения текущих операций...
2025-09-09 19:07:02,287 - bot - INFO - 💾 Сохраняем активные сессии...
2025-09-09 19:07:02,288 - bot - INFO - 💾 Сохраняем глобальные данные...
2025-09-09 19:07:02,290 - services - INFO - Создан финальный бэкап: global_stats.json.20250909_190702
2025-09-09 19:07:02,293 - services - INFO - Принудительное сохранение завершено
2025-09-09 19:07:02,294 - bot - INFO - ✅ Глобальные данные сохранены
2025-09-09 19:07:02,294 - bot - INFO - 🔄 Останавливаем задачу бэкапа...
2025-09-09 19:07:02,294 - bot - INFO - ✅ Задача бэкапа остановлена
2025-09-09 19:07:02,295 - bot - INFO - 🔌 Закрываем соединение с Telegram...
2025-09-09 19:07:02,295 - bot - INFO - ✅ Соединение с Telegram закрыто
2025-09-09 19:07:02,296 - bot - INFO - ✅ Graceful shutdown завершен успешно!
2025-09-09 19:07:02,296 - root - INFO - 🧹 Остановка веб-сервера...
2025-09-09 19:07:02,296 - root - INFO - ✅ Завершение работы
2025-09-09 19:07:18,138 - root - INFO - 🚀 Запуск бота...
2025-09-09 19:07:18,139 - root - INFO - ✅ Валидация окружения прошла успешно
2025-09-09 19:07:18,140 - root - INFO - ✅ Валидация файловой системы завершена
2025-09-09 19:07:18,140 - root - INFO - ✅ Конфигурация загружена и проверена успешно
2025-09-09 19:07:18,402 - root - INFO - 🌐 Запуск веб-сервера на порту 8080...
2025-09-09 19:07:18,423 - web_server - INFO - TMA веб-сервер запущен на http://localhost:8080
2025-09-09 19:07:18,424 - root - INFO - 🤖 Запуск Telegram бота...
2025-09-09 19:07:18,426 - services - INFO - Загружено 45 персонажей
2025-09-09 19:07:18,428 - bot - INFO - Загружено 45 персонажей
2025-09-09 19:07:18,428 - bot - INFO - 🚀 Бот успешно запущен и готов к работе!
2025-09-09 19:07:18,430 - aiogram.dispatcher - INFO - Start polling
2025-09-09 19:07:18,761 - bot - ERROR - Ошибка настройки TMA: Telegram server says - Bad Request: menu button Web App URL 'http://localhost:8080/index.html' is invalid: Only HTTPS links are allowed
2025-09-09 19:07:18,763 - aiogram.dispatcher - INFO - Run polling for bot @ZZZcharacter_bot id=7584485952 - 'ZZZcharacter'
2025-09-09 19:07:29,358 - bot - INFO - Получен сигнал 2, начинаем graceful shutdown...
2025-09-09 19:07:29,359 - aiogram.dispatcher - INFO - Polling stopped for bot @ZZZcharacter_bot id=7584485952 - 'ZZZcharacter'
2025-09-09 19:07:29,359 - aiogram.dispatcher - INFO - Polling stopped
2025-09-09 19:07:29,615 - bot - INFO - 🛑 Начинаем graceful shutdown...
2025-09-09 19:07:29,615 - bot - INFO - 🚨 Останавливаем прием новых запросов...
2025-09-09 19:07:29,616 - bot - INFO - ⏳ Ожидаем завершения текущих операций...
2025-09-09 19:07:31,629 - bot - INFO - 💾 Сохраняем активные сессии...
2025-09-09 19:07:31,629 - bot - INFO - 💾 Сохраняем глобальные данные...
2025-09-09 19:07:31,632 - services - INFO - Создан финальный бэкап: global_stats.json.20250909_190731
2025-09-09 19:07:31,634 - services - INFO - Принудительное сохранение завершено
2025-09-09 19:07:31,635 - bot - INFO - ✅ Глобальные данные сохранены
2025-09-09 19:07:31,635 - bot - INFO - 🔄 Останавливаем задачу бэкапа...
2025-09-09 19:07:31,635 - bot - INFO - ✅ Задача бэкапа остановлена
2025-09-09 19:07:31,637 - bot - INFO - 🔌 Закрываем соединение с Telegram...
2025-09-09 19:07:31,637 - bot - INFO - ✅ Соединение с Telegram закрыто
2025-09-09 19:07:31,637 - bot - INFO - ✅ Graceful shutdown завершен успешно!
2025-09-09 19:07:31,637 - root - INFO - 🧹 Остановка веб-сервера...
2025-09-09 19:07:31,638 - root - INFO - ✅ Завершение работы
